0 silly argv {
0 silly argv   _: [ 'create' ],
0 silly argv   lernaVersion: '3.22.1',
0 silly argv   '$0': 'C:\\Users\\10656\\AppData\\Roaming\\nvm\\nodejs\\node_modules\\lerna\\cli.js',
0 silly argv   name: '@yuw-cli-dev/package'
0 silly argv }
1 notice cli v3.22.1
2 verbose rootPath E:\BaiduNetdiskDownload\【3182】前端架构师2023\project\yuw-cli-dev
3 error Error: canceled
3 error     at Interface.<anonymous> (E:\BaiduNetdiskDownload\【3182】前端架构师2023\project\yuw-cli-dev\node_modules\read\lib\read.js:66:13)
3 error     at Interface.emit (node:events:513:28)
3 error     at Interface._ttyWrite (node:readline:1085:16)
3 error     at ReadStream.onkeypress (node:readline:291:10)
3 error     at ReadStream.emit (node:events:513:28)
3 error     at emitKeys (node:internal/readline/utils:357:14)
3 error     at emitKeys.next (<anonymous>)
3 error     at ReadStream.onData (node:internal/readline/emitKeypressEvents:61:36)
3 error     at ReadStream.emit (node:events:513:28)
3 error     at addChunk (node:internal/streams/readable:315:12)
3 error     at readableAddChunk (node:internal/streams/readable:289:9)
3 error     at ReadStream.Readable.push (node:internal/streams/readable:228:10)
